<?xml version="1.0" encoding="UTF-8"?>
<!-- Generated by org.testng.reporters.JUnitXMLReporter -->
<testsuite ignored="4" hostname="LAPTOP-BJQHU9G0" failures="0" tests="3" name="Test2" time="180.361" errors="0" timestamp="2022-05-20T13:26:05 IST">
  <testcase classname="Com.vtiger.compaigns.Test.CreateCampaignWithProductNameTest" name="createCampaignTest" time="59.697"/>
  <testcase classname="Com.vtiger.contactsTest.CreateContactsTest" name="createcontactspropertiesTest" time="33.069"/>
  <testcase classname="Com.vtiger.compaigns.Test.CreateCompaignsTest" name="createCompaignnsTest" time="25.779"/>
  <testcase classname="Ctom.SDET34L1GenericUtility.BaseClass" name="@AfterSuite aftersuitTest" time="0.0">
    <ignored/>
  </testcase> <!-- @AfterSuite aftersuitTest -->
  <testcase classname="Ctom.SDET34L1GenericUtility.BaseClass" name="@AfterSuite aftersuitTest" time="0.0">
    <ignored/>
  </testcase> <!-- @AfterSuite aftersuitTest -->
  <testcase classname="Ctom.SDET34L1GenericUtility.BaseClass" name="@BeforeSuite beforesuitTest" time="0.0">
    <ignored/>
  </testcase> <!-- @BeforeSuite beforesuitTest -->
  <testcase classname="Ctom.SDET34L1GenericUtility.BaseClass" name="@BeforeSuite beforesuitTest" time="0.0">
    <ignored/>
  </testcase> <!-- @BeforeSuite beforesuitTest -->
</testsuite> <!-- Test2 -->
