<?xml version="1.0" encoding="UTF-8"?>
<testng-results ignored="0" total="1" passed="1" failed="0" skipped="0">
  <reporter-output>
  </reporter-output>
  <suite started-at="2022-05-26T17:44:34 IST" name="Default suite" finished-at="2022-05-26T17:45:33 IST" duration-ms="59148">
    <groups>
      <group name="sanity">
        <method signature="CreateCompaignsTest.createCompaignnsTest()[pri:0, instance:Com.vtiger.compaigns.Test.CreateCompaignsTest@3081f72c]" name="createCompaignnsTest" class="Com.vtiger.compaigns.Test.CreateCompaignsTest"/>
      </group> <!-- sanity -->
    </groups>
    <test started-at="2022-05-26T17:44:34 IST" name="Default test" finished-at="2022-05-26T17:45:33 IST" duration-ms="59148">
      <class name="Com.vtiger.compaigns.Test.CreateCompaignsTest">
        <test-method is-config="true" signature="beforesuitTest()[pri:0, instance:Com.vtiger.compaigns.Test.CreateCompaignsTest@3081f72c]" started-at="2022-05-26T17:44:31 IST" name="beforesuitTest" finished-at="2022-05-26T17:44:34 IST" duration-ms="2377" status="PASS">
          <reporter-output>
          </reporter-output>
        </test-method> <!-- beforesuitTest -->
        <test-method is-config="true" signature="beforeClassTest()[pri:0, instance:Com.vtiger.compaigns.Test.CreateCompaignsTest@3081f72c]" started-at="2022-05-26T17:44:34 IST" name="beforeClassTest" finished-at="2022-05-26T17:44:42 IST" duration-ms="8546" status="PASS">
          <reporter-output>
          </reporter-output>
        </test-method> <!-- beforeClassTest -->
        <test-method is-config="true" signature="beforeMethod1Test()[pri:0, instance:Com.vtiger.compaigns.Test.CreateCompaignsTest@3081f72c]" started-at="2022-05-26T17:44:42 IST" name="beforeMethod1Test" finished-at="2022-05-26T17:44:51 IST" duration-ms="8467" status="PASS">
          <reporter-output>
          </reporter-output>
        </test-method> <!-- beforeMethod1Test -->
        <test-method signature="createCompaignnsTest()[pri:0, instance:Com.vtiger.compaigns.Test.CreateCompaignsTest@3081f72c]" started-at="2022-05-26T17:44:51 IST" name="createCompaignnsTest" description="testing:-CreateCompaigns" finished-at="2022-05-26T17:45:28 IST" duration-ms="37291" status="PASS">
          <reporter-output>
          </reporter-output>
        </test-method> <!-- createCompaignnsTest -->
        <test-method is-config="true" signature="afterMethod1Test()[pri:0, instance:Com.vtiger.compaigns.Test.CreateCompaignsTest@3081f72c]" started-at="2022-05-26T17:45:28 IST" name="afterMethod1Test" finished-at="2022-05-26T17:45:32 IST" duration-ms="3502" status="PASS">
          <reporter-output>
          </reporter-output>
        </test-method> <!-- afterMethod1Test -->
        <test-method is-config="true" signature="afterClassTest()[pri:0, instance:Com.vtiger.compaigns.Test.CreateCompaignsTest@3081f72c]" started-at="2022-05-26T17:45:32 IST" name="afterClassTest" finished-at="2022-05-26T17:45:33 IST" duration-ms="809" status="PASS">
          <reporter-output>
          </reporter-output>
        </test-method> <!-- afterClassTest -->
        <test-method is-config="true" signature="aftersuitTest()[pri:0, instance:Com.vtiger.compaigns.Test.CreateCompaignsTest@3081f72c]" started-at="2022-05-26T17:45:33 IST" name="aftersuitTest" finished-at="2022-05-26T17:45:33 IST" duration-ms="2" status="PASS">
          <reporter-output>
          </reporter-output>
        </test-method> <!-- aftersuitTest -->
      </class> <!-- Com.vtiger.compaigns.Test.CreateCompaignsTest -->
    </test> <!-- Default test -->
  </suite> <!-- Default suite -->
</testng-results>
